Arguments: 
  /home/aryan/.nvm/versions/node/v16.15.1/bin/node /home/aryan/.nvm/versions/node/v16.15.1/bin/yarn

PATH: 
  /home/aryan/.local/share/pnpm:/home/aryan/.yarn/bin:/home/aryan/.config/yarn/global/node_modules/.bin:/opt/oracle/instantclient_12_2:/home/aryan/.nvm/versions/node/v16.15.1/bin:/home/aryan/.vscode-server/bin/4af164ea3a06f701fe3e89a2bcbb421d2026b68f/bin/remote-cli:/usr/local/sbin:/usr/local/bin:/usr/sbin:/usr/bin:/sbin:/bin:/usr/games:/usr/local/games:/usr/lib/wsl/lib:/mnt/c/Python310/Scripts/:/mnt/c/Python310/:/mnt/c/Users/aryan/AppData/Local/Programs/Python/Python39/Scripts/:/mnt/c/Users/aryan/AppData/Local/Programs/Python/Python39/:/mnt/c/Program Files (x86)/Common Files/Oracle/Java/javapath:/mnt/c/Program Files (x86)/Common Files/Intel/Shared Libraries/redist/intel64/compiler:/mnt/c/ProgramData/Oracle/Java/javapath:/mnt/c/WINDOWS/system32:/mnt/c/WINDOWS:/mnt/c/WINDOWS/System32/Wbem:/mnt/c/WINDOWS/System32/WindowsPowerShell/v1.0/:/mnt/c/WINDOWS/System32/OpenSSH/:/mnt/c/Program Files/NVIDIA Corporation/NVIDIA NvDLISR:/mnt/c/ProgramData/chocolatey/bin:/mnt/c/Program Files/Git/cmd:/mnt/c/Program Files (x86)/NVIDIA Corporation/PhysX/Common:/mnt/c/Program Files/MATLAB/R2020b/bin:/mnt/c/mingw64/bin:/mnt/c/Program Files/erl10.7/bin:/mnt/c/WINDOWS/system32:/mnt/c/WINDOWS:/mnt/c/WINDOWS/System32/Wbem:/mnt/c/WINDOWS/System32/WindowsPowerShell/v1.0/:/mnt/c/WINDOWS/System32/OpenSSH/:/mnt/c/Program Files/dotnet/:/mnt/c/Program Files/nodejs/:/mnt/c/Program Files/PuTTY/:/mnt/c/Program Files/MySQL/MySQL Shell 8.0/bin/:/mnt/c/Users/aryan/.windows-build-tools/python27/:/mnt/c/Users/aryan/AppData/Local/Microsoft/WindowsApps:/mnt/c/Users/aryan/AppData/Local/Programs/Microsoft VS Code/bin:/mnt/c/PHP:/mnt/c/Program Files/heroku/bin:/mnt/c/Program Files/mingw-w64/x86_64-8.1.0-posix-seh-rt_v6-rev0/mingw64/bin:/mnt/c/Users/aryan/spicetify-cli:/mnt/c/questasim64_2019.4/win64:/mnt/c/Users/aryan/AppData/Local/Microsoft/WindowsApps:/mnt/c/Users/aryan/AppData/Roaming/npm

Yarn version: 
  1.22.19

Node version: 
  16.15.1

Platform: 
  linux x64

Trace: 
  Error: EEXIST: file already exists, mkdir '/home/aryan/Web Dev/random_data_generator/server/node_modules/compression/node_modules'

npm manifest: 
  {
    "name": "server",
    "version": "1.0.0",
    "description": "",
    "main": "index.js",
    "type": "module",
    "scripts": {
      "test": "echo \"Error: no test specified\" && exit 1",
      "dev": "yarn nodemon   --exec   'ts-node-esm' src/server.ts",
      "build": "yarn tsc",
      "start": " node  dist/server.js"
    },
    "keywords": [],
    "author": "",
    "license": "ISC",
    "dependencies": {
      "canvas": "^2.9.1",
      "compression": "^1.7.4",
      "cors": "^2.8.5",
      "express": "^4.18.1",
      "morgan": "^1.10.0",
      "typescript": "^4.7.3"
    },
    "devDependencies": {
      "@tsconfig/node16": "^1.0.2",
      "@types/compression": "^1.7.2",
      "@types/cors": "^2.8.12",
      "@types/express": "^4.17.13",
      "@types/morgan": "^1.9.3",
      "@types/node": "16",
      "nodemon": "^2.0.16",
      "ts-node": "^10.8.1"
    }
  }

yarn manifest: 
  No manifest

Lockfile: 
  No lockfile
